Starting a Gradle Daemon (subsequent builds will be faster)
> Task :app:clean
> Task :app:preBuild UP-TO-DATE
> Task :app:preDebugBuild UP-TO-DATE
> Task :app:mergeDebugNativeDebugMetadata NO-SOURCE
> Task :app:checkKotlinGradlePluginConfigurationErrors SKIPPED
> Task :app:generateDebugBuildConfig FROM-CACHE
> Task :app:generateDebugResValues FROM-CACHE
> Task :app:checkDebugAarMetadata
> Task :app:mapDebugSourceSetPaths
> Task :app:generateDebugResources FROM-CACHE
> Task :app:mergeDebugResources FROM-CACHE
> Task :app:packageDebugResources FROM-CACHE
> Task :app:parseDebugLocalResources FROM-CACHE
> Task :app:createDebugCompatibleScreenManifests
> Task :app:extractDeepLinksDebug FROM-CACHE
> Task :app:processDebugMainManifest FROM-CACHE
> Task :app:processDebugManifest FROM-CACHE
> Task :app:processDebugManifestForPackage FROM-CACHE
> Task :app:processDebugResources FROM-CACHE
> Task :app:kspDebugKotlin FROM-CACHE
> Task :app:javaPreCompileDebug FROM-CACHE
> Task :app:mergeDebugShaders
> Task :app:compileDebugShaders NO-SOURCE
> Task :app:generateDebugAssets UP-TO-DATE
> Task :app:mergeDebugAssets
> Task :app:compressDebugAssets FROM-CACHE
> Task :app:desugarDebugFileDependencies FROM-CACHE
> Task :app:checkDebugDuplicateClasses
> Task :app:mergeExtDexDebug FROM-CACHE
> Task :app:mergeLibDexDebug FROM-CACHE
> Task :app:mergeDebugJniLibFolders
> Task :app:mergeDebugNativeLibs

> Task :app:stripDebugDebugSymbols
Unable to strip the following libraries, packaging them as they are: libandroidx.graphics.path.so, libdatastore_shared_counter.so.

> Task :app:validateSigningDebug
> Task :app:writeDebugAppMetadata
> Task :app:writeDebugSigningConfigVersions
> Task :app:compileDebugKotlin
w: file:///workspaces/JaR/app/src/main/java/com/jarvis/ai/device/DeviceController.kt:36:21 'var isWifiEnabled: Boolean' is deprecated. Deprecated in Java.
w: file:///workspaces/JaR/app/src/main/java/com/jarvis/ai/device/DeviceController.kt:62:39 'fun enable(): Boolean' is deprecated. Deprecated in Java.
w: file:///workspaces/JaR/app/src/main/java/com/jarvis/ai/device/DeviceController.kt:62:61 'fun disable(): Boolean' is deprecated. Deprecated in Java.
w: file:///workspaces/JaR/app/src/main/java/com/jarvis/ai/ui/navigation/JarvisNavigation.kt:13:61 'val Icons.Filled.Chat: ImageVector' is deprecated. Use the AutoMirrored version at Icons.AutoMirrored.Filled.Chat.
w: file:///workspaces/JaR/app/src/main/java/com/jarvis/ai/ui/navigation/JarvisNavigation.kt:21:73 'val Icons.Filled.Send: ImageVector' is deprecated. Use the AutoMirrored version at Icons.AutoMirrored.Filled.Send.
w: file:///workspaces/JaR/app/src/main/java/com/jarvis/ai/ui/settings/SettingsScreen.kt:106:34 'val Icons.Filled.Send: ImageVector' is deprecated. Use the AutoMirrored version at Icons.AutoMirrored.Filled.Send.
w: file:///workspaces/JaR/app/src/main/java/com/jarvis/ai/ui/theme/Theme.kt:44:20 'var statusBarColor: Int' is deprecated. Deprecated in Java.
w: file:///workspaces/JaR/app/src/main/java/com/jarvis/ai/ui/theme/Theme.kt:45:20 'var navigationBarColor: Int' is deprecated. Deprecated in Java.

> Task :app:compileDebugJavaWithJavac
> Task :app:hiltAggregateDepsDebug
> Task :app:hiltJavaCompileDebug
> Task :app:processDebugJavaRes
> Task :app:transformDebugClassesWithAsm
> Task :app:mergeDebugJavaResource
> Task :app:dexBuilderDebug
> Task :app:mergeDebugGlobalSynthetics
> Task :app:mergeProjectDexDebug
> Task :app:packageDebug
> Task :app:createDebugApkListingFileRedirect
> Task :app:assembleDebug

[Incubating] Problems report is available at: file:///workspaces/JaR/build/reports/problems/problems-report.html

Deprecated Gradle features were used in this build, making it incompatible with Gradle 10.

You can use '--warning-mode all' to show the individual deprecation warnings and determine if they come from your own scripts or plugins.

For more on this, please refer to https://docs.gradle.org/9.4.0/userguide/command_line_interface.html#sec:command_line_warnings in the Gradle documentation.

BUILD SUCCESSFUL in 2m 24s
42 actionable tasks: 25 executed, 17 from cache
Consider enabling configuration cache to speed up this build: https://docs.gradle.org/9.4.0/userguide/configuration_cache_enabling.html
